POST Data:
Array
(
    [image_names] => Array
        (
            [0] => BAN0002_1_icon.jpg
            [1] => BAN0002_2_HD1.jpg
            [2] => BAN0002_3_icon.jpg
            [3] => BAN0002_3_HD2.jpg
        )

    [sector_names] => Array
        (
            [0] => BAN0002_1
            [1] => BAN0002_2
            [2] => BAN0002_3
            [3] => BAN0002_3
        )

    [site_name] => BAN0002
    [number_of_sector] => 3
    [sectors_data] => [{},{},{}]
)

FILES Data:
Array
(
    [images] => Array
        (
            [name] => Array
                (
                    [0] => icon.jpg
                    [1] => HD1.jpg
                    [2] => icon.jpg
                    [3] => HD2.jpg
                )

            [full_path] => Array
                (
                    [0] => icon.jpg
                    [1] => HD1.jpg
                    [2] => icon.jpg
                    [3] => HD2.jpg
                )

            [type] => Array
                (
                    [0] => image/jpeg
                    [1] => image/jpeg
                    [2] => image/jpeg
                    [3] => image/jpeg
                )

            [tmp_name] => Array
                (
                    [0] => /tmp/php0nJs0R
                    [1] => /tmp/phpiwOKbA
                    [2] => /tmp/phpAeoVmi
                    [3] => /tmp/phpQH5ty0
                )

            [error] => Array
                (
                    [0] => 0
                    [1] => 0
                    [2] => 0
                    [3] => 0
                )

            [size] => Array
                (
                    [0] => 94992
                    [1] => 97190
                    [2] => 94992
                    [3] => 508348
                )

        )

)

Sector Names: Array
(
    [0] => BAN0002_1
    [1] => BAN0002_2
    [2] => BAN0002_3
    [3] => BAN0002_3
)

Image Names: Array
(
    [0] => BAN0002_1_icon.jpg
    [1] => BAN0002_2_HD1.jpg
    [2] => BAN0002_3_icon.jpg
    [3] => BAN0002_3_HD2.jpg
)

POST Data:
Array
(
    [image_names] => Array
        (
            [0] => BAN0002_1_icon.jpg
            [1] => BAN0002_2_HD1.jpg
            [2] => BAN0002_2_HD2.jpg
            [3] => BAN0002_3_icon.jpg
            [4] => BAN0002_3_HD2.jpg
        )

    [sector_names] => Array
        (
            [0] => BAN0002_1
            [1] => BAN0002_2
            [2] => BAN0002_2
            [3] => BAN0002_3
            [4] => BAN0002_3
        )

    [site_name] => BAN0002
    [number_of_sector] => 3
    [sectors_data] => [{},{},{}]
)

FILES Data:
Array
(
    [images] => Array
        (
            [name] => Array
                (
                    [0] => icon.jpg
                    [1] => HD1.jpg
                    [2] => HD2.jpg
                    [3] => icon.jpg
                    [4] => HD2.jpg
                )

            [full_path] => Array
                (
                    [0] => icon.jpg
                    [1] => HD1.jpg
                    [2] => HD2.jpg
                    [3] => icon.jpg
                    [4] => HD2.jpg
                )

            [type] => Array
                (
                    [0] => image/jpeg
                    [1] => image/jpeg
                    [2] => image/jpeg
                    [3] => image/jpeg
                    [4] => image/jpeg
                )

            [tmp_name] => Array
                (
                    [0] => /tmp/phpH9X2Eg
                    [1] => /tmp/phpRWo3Lq
                    [2] => /tmp/phpqEjkTA
                    [3] => /tmp/phpzEBV0K
                    [4] => /tmp/phpwgLk8U
                )

            [error] => Array
                (
                    [0] => 0
                    [1] => 0
                    [2] => 0
                    [3] => 0
                    [4] => 0
                )

            [size] => Array
                (
                    [0] => 94992
                    [1] => 97190
                    [2] => 508348
                    [3] => 94992
                    [4] => 508348
                )

        )

)

Sector Names: Array
(
    [0] => BAN0002_1
    [1] => BAN0002_2
    [2] => BAN0002_2
    [3] => BAN0002_3
    [4] => BAN0002_3
)

Image Names: Array
(
    [0] => BAN0002_1_icon.jpg
    [1] => BAN0002_2_HD1.jpg
    [2] => BAN0002_2_HD2.jpg
    [3] => BAN0002_3_icon.jpg
    [4] => BAN0002_3_HD2.jpg
)

POST Data:
Array
(
    [image_names] => Array
        (
            [0] => BAN0002_1_icon.jpg
            [1] => BAN0002_2_icon.jpg
            [2] => BAN0002_2_HD2.jpg
            [3] => BAN0002_3_HD1.jpg
            [4] => BAN0002_3_HD2.jpg
        )

    [sector_names] => Array
        (
            [0] => BAN0002_1
            [1] => BAN0002_2
            [2] => BAN0002_2
            [3] => BAN0002_3
            [4] => BAN0002_3
        )

    [site_name] => BAN0002
    [number_of_sector] => 3
    [sectors_data] => [{},{},{}]
)

FILES Data:
Array
(
    [images] => Array
        (
            [name] => Array
                (
                    [0] => icon.jpg
                    [1] => icon.jpg
                    [2] => HD2.jpg
                    [3] => HD1.jpg
                    [4] => HD2.jpg
                )

            [full_path] => Array
                (
                    [0] => icon.jpg
                    [1] => icon.jpg
                    [2] => HD2.jpg
                    [3] => HD1.jpg
                    [4] => HD2.jpg
                )

            [type] => Array
                (
                    [0] => image/jpeg
                    [1] => image/jpeg
                    [2] => image/jpeg
                    [3] => image/jpeg
                    [4] => image/jpeg
                )

            [tmp_name] => Array
                (
                    [0] => /tmp/phpMwaZk4
                    [1] => /tmp/phpIGscVY
                    [2] => /tmp/phpXTdMvT
                    [3] => /tmp/phpY8DS6N
                    [4] => /tmp/phpQG6MHI
                )

            [error] => Array
                (
                    [0] => 0
                    [1] => 0
                    [2] => 0
                    [3] => 0
                    [4] => 0
                )

            [size] => Array
                (
                    [0] => 94992
                    [1] => 94992
                    [2] => 508348
                    [3] => 97190
                    [4] => 508348
                )

        )

)

Sector Names: Array
(
    [0] => BAN0002_1
    [1] => BAN0002_2
    [2] => BAN0002_2
    [3] => BAN0002_3
    [4] => BAN0002_3
)

Image Names: Array
(
    [0] => BAN0002_1_icon.jpg
    [1] => BAN0002_2_icon.jpg
    [2] => BAN0002_2_HD2.jpg
    [3] => BAN0002_3_HD1.jpg
    [4] => BAN0002_3_HD2.jpg
)

Image Links By Sector: Array
(
    [BAN0002_1] => Array
        (
            [0] => https://drive.google.com/uc?id=1wNZKfz1vcvKpSvNetcXKcxPGzs2mTrFb
        )

    [BAN0002_2] => Array
        (
            [0] => https://drive.google.com/uc?id=129ll_RBCAuDeQgDLX8ANsP1wNwkpvHmJ
            [1] => https://drive.google.com/uc?id=1oBai3cCNZkdt98XahOCG8bmf1RbxYxRu
        )

    [BAN0002_3] => Array
        (
            [0] => https://drive.google.com/uc?id=1hUbBJuCf8G46vAj_ewcF96PDHNrHuilY
            [1] => https://drive.google.com/uc?id=12ccznu2aGverJyL2LhuD81426vWFYO-4
        )

)

POST Data:
Array
(
    [image_names] => Array
        (
            [0] => BAN0002_1_icon.jpg
            [1] => BAN0002_2_HD1.jpg
            [2] => BAN0002_2_HD2.jpg
            [3] => BAN0002_3_icon.jpg
            [4] => BAN0002_3_HD1.jpg
        )

    [sector_names] => Array
        (
            [0] => BAN0002_1
            [1] => BAN0002_2
            [2] => BAN0002_2
            [3] => BAN0002_3
            [4] => BAN0002_3
        )

    [site_name] => BAN0002
    [number_of_sector] => 3
    [sectors_data] => [{},{},{}]
)

FILES Data:
Array
(
    [images] => Array
        (
            [name] => Array
                (
                    [0] => icon.jpg
                    [1] => HD1.jpg
                    [2] => HD2.jpg
                    [3] => icon.jpg
                    [4] => HD1.jpg
                )

            [full_path] => Array
                (
                    [0] => icon.jpg
                    [1] => HD1.jpg
                    [2] => HD2.jpg
                    [3] => icon.jpg
                    [4] => HD1.jpg
                )

            [type] => Array
                (
                    [0] => image/jpeg
                    [1] => image/jpeg
                    [2] => image/jpeg
                    [3] => image/jpeg
                    [4] => image/jpeg
                )

            [tmp_name] => Array
                (
                    [0] => /tmp/phpDpvG5M
                    [1] => /tmp/phpcLV2R9
                    [2] => /tmp/phps2NqEw
                    [3] => /tmp/phpOF41qT
                    [4] => /tmp/phpWYNEdg
                )

            [error] => Array
                (
                    [0] => 0
                    [1] => 0
                    [2] => 0
                    [3] => 0
                    [4] => 0
                )

            [size] => Array
                (
                    [0] => 94992
                    [1] => 97190
                    [2] => 508348
                    [3] => 94992
                    [4] => 97190
                )

        )

)

Sector Names: Array
(
    [0] => BAN0002_1
    [1] => BAN0002_2
    [2] => BAN0002_2
    [3] => BAN0002_3
    [4] => BAN0002_3
)

Image Names: Array
(
    [0] => BAN0002_1_icon.jpg
    [1] => BAN0002_2_HD1.jpg
    [2] => BAN0002_2_HD2.jpg
    [3] => BAN0002_3_icon.jpg
    [4] => BAN0002_3_HD1.jpg
)

Image Links By Sector: Array
(
    [BAN0002_1] => Array
        (
            [0] => https://drive.google.com/uc?id=11tQY0tWg29r4rstf35Z4sBAHdcQm8Ba5
        )

    [BAN0002_2] => Array
        (
            [0] => https://drive.google.com/uc?id=108xrVFYFZoGW4XYS439OlBCOXX_i3-iV
            [1] => https://drive.google.com/uc?id=1e7-YjKf7zVN83YiymN4phtfsbMa2N_Nz
        )

    [BAN0002_3] => Array
        (
            [0] => https://drive.google.com/uc?id=16gXjH3Saan91paI73KgLZMv3g6rcvvzG
            [1] => https://drive.google.com/uc?id=1fseBMWqQ02_JCMI4QjE7RFWGvM90f3BO
        )

)

POST Data:
Array
(
    [image_names] => Array
        (
            [0] => BAN0003_1_icon.jpg
            [1] => BAN0003_2_HD1.jpg
            [2] => BAN0003_2_HD2.jpg
            [3] => BAN0003_3_icon.jpg
            [4] => BAN0003_3_HD2.jpg
        )

    [sector_names] => Array
        (
            [0] => BAN0003_1
            [1] => BAN0003_2
            [2] => BAN0003_2
            [3] => BAN0003_3
            [4] => BAN0003_3
        )

    [site_name] => BAN0003
    [number_of_sector] => 3
    [sectors_data] => [{},{},{}]
)

FILES Data:
Array
(
    [images] => Array
        (
            [name] => Array
                (
                    [0] => icon.jpg
                    [1] => HD1.jpg
                    [2] => HD2.jpg
                    [3] => icon.jpg
                    [4] => HD2.jpg
                )

            [full_path] => Array
                (
                    [0] => icon.jpg
                    [1] => HD1.jpg
                    [2] => HD2.jpg
                    [3] => icon.jpg
                    [4] => HD2.jpg
                )

            [type] => Array
                (
                    [0] => image/jpeg
                    [1] => image/jpeg
                    [2] => image/jpeg
                    [3] => image/jpeg
                    [4] => image/jpeg
                )

            [tmp_name] => Array
                (
                    [0] => /tmp/phpo3ns0H
                    [1] => /tmp/php4xh6lM
                    [2] => /tmp/php4vHlIQ
                    [3] => /tmp/php22sQ5U
                    [4] => /tmp/php8T7ItZ
                )

            [error] => Array
                (
                    [0] => 0
                    [1] => 0
                    [2] => 0
                    [3] => 0
                    [4] => 0
                )

            [size] => Array
                (
                    [0] => 94992
                    [1] => 97190
                    [2] => 508348
                    [3] => 94992
                    [4] => 508348
                )

        )

)

Sector Names: Array
(
    [0] => BAN0003_1
    [1] => BAN0003_2
    [2] => BAN0003_2
    [3] => BAN0003_3
    [4] => BAN0003_3
)

Image Names: Array
(
    [0] => BAN0003_1_icon.jpg
    [1] => BAN0003_2_HD1.jpg
    [2] => BAN0003_2_HD2.jpg
    [3] => BAN0003_3_icon.jpg
    [4] => BAN0003_3_HD2.jpg
)

Image Links By Sector: Array
(
    [BAN0003_1] => Array
        (
            [0] => https://drive.google.com/uc?id=1o2r_VEP1S0g2LzJ9RqKbzaoTjvFxUQYz
        )

    [BAN0003_2] => Array
        (
            [0] => https://drive.google.com/uc?id=1YFC7B4wv67nEeGpdNpt_lzM2zHb9sDbV
            [1] => https://drive.google.com/uc?id=1nYGBcfcBSeTtcksSaAIw7mQrLhWb9Tib
        )

    [BAN0003_3] => Array
        (
            [0] => https://drive.google.com/uc?id=1hGtKL_f0JOYTeAUvolYDZsajfVOTLMDN
            [1] => https://drive.google.com/uc?id=1a4_k_XOSgS0YNGWUT8Nt0QrNU3iamz-T
        )

)

POST Data:
Array
(
    [image_names] => Array
        (
            [0] => BAN0003_1_icon.jpg
            [1] => BAN0003_2_HD1.jpg
            [2] => BAN0003_2_HD2.jpg
            [3] => BAN0003_3_icon.jpg
            [4] => BAN0003_3_HD2.jpg
        )

    [sector_names] => Array
        (
            [0] => BAN0003_1
            [1] => BAN0003_2
            [2] => BAN0003_2
            [3] => BAN0003_3
            [4] => BAN0003_3
        )

    [site_name] => BAN0003
    [number_of_sector] => 3
    [sectors_data] => [{},{},{}]
)

FILES Data:
Array
(
    [images] => Array
        (
            [name] => Array
                (
                    [0] => icon.jpg
                    [1] => HD1.jpg
                    [2] => HD2.jpg
                    [3] => icon.jpg
                    [4] => HD2.jpg
                )

            [full_path] => Array
                (
                    [0] => icon.jpg
                    [1] => HD1.jpg
                    [2] => HD2.jpg
                    [3] => icon.jpg
                    [4] => HD2.jpg
                )

            [type] => Array
                (
                    [0] => image/jpeg
                    [1] => image/jpeg
                    [2] => image/jpeg
                    [3] => image/jpeg
                    [4] => image/jpeg
                )

            [tmp_name] => Array
                (
                    [0] => /tmp/phpGublxd
                    [1] => /tmp/phpLtUdjj
                    [2] => /tmp/phpOB7s5o
                    [3] => /tmp/phphV5YRu
                    [4] => /tmp/phpQ7zAEA
                )

            [error] => Array
                (
                    [0] => 0
                    [1] => 0
                    [2] => 0
                    [3] => 0
                    [4] => 0
                )

            [size] => Array
                (
                    [0] => 94992
                    [1] => 97190
                    [2] => 508348
                    [3] => 94992
                    [4] => 508348
                )

        )

)

Sector Names: Array
(
    [0] => BAN0003_1
    [1] => BAN0003_2
    [2] => BAN0003_2
    [3] => BAN0003_3
    [4] => BAN0003_3
)

Image Names: Array
(
    [0] => BAN0003_1_icon.jpg
    [1] => BAN0003_2_HD1.jpg
    [2] => BAN0003_2_HD2.jpg
    [3] => BAN0003_3_icon.jpg
    [4] => BAN0003_3_HD2.jpg
)

Image Links By Sector: Array
(
    [BAN0003_1] => Array
        (
            [0] => https://drive.google.com/uc?id=1nB8sXyT8SnuiVNZurgmaS5I2Cn999y0N
        )

    [BAN0003_2] => Array
        (
            [0] => https://drive.google.com/uc?id=1SUwwwI_ophYsmZiB2kX4dDsuWWvBS_K3
            [1] => https://drive.google.com/uc?id=1O8mFbH42_WyaRLsS05-rQauZ-BuKPOzI
        )

    [BAN0003_3] => Array
        (
            [0] => https://drive.google.com/uc?id=1JO6ha2TYax_YOVAVrFEqF5U2fNJWH046
            [1] => https://drive.google.com/uc?id=1iaJqihsJlWhhKJb_4NhBFW8-zUD_eL8I
        )

)

POST Data:
Array
(
    [image_names] => Array
        (
            [0] => BAN0004_1_icon.jpg
            [1] => BAN0004_2_HD1.jpg
            [2] => BAN0004_2_HD2.jpg
            [3] => BAN0004_3_icon.jpg
            [4] => BAN0004_3_HD1.jpg
        )

    [sector_names] => Array
        (
            [0] => BAN0004_1
            [1] => BAN0004_2
            [2] => BAN0004_2
            [3] => BAN0004_3
            [4] => BAN0004_3
        )

    [site_name] => BAN0004
    [number_of_sector] => 3
    [sectors_data] => [{},{},{}]
)

FILES Data:
Array
(
    [images] => Array
        (
            [name] => Array
                (
                    [0] => icon.jpg
                    [1] => HD1.jpg
                    [2] => HD2.jpg
                    [3] => icon.jpg
                    [4] => HD1.jpg
                )

            [full_path] => Array
                (
                    [0] => icon.jpg
                    [1] => HD1.jpg
                    [2] => HD2.jpg
                    [3] => icon.jpg
                    [4] => HD1.jpg
                )

            [type] => Array
                (
                    [0] => image/jpeg
                    [1] => image/jpeg
                    [2] => image/jpeg
                    [3] => image/jpeg
                    [4] => image/jpeg
                )

            [tmp_name] => Array
                (
                    [0] => /tmp/php1UekL6
                    [1] => /tmp/phpMF5YNa
                    [2] => /tmp/phpblsFQe
                    [3] => /tmp/php3sRyTi
                    [4] => /tmp/phpbXStWm
                )

            [error] => Array
                (
                    [0] => 0
                    [1] => 0
                    [2] => 0
                    [3] => 0
                    [4] => 0
                )

            [size] => Array
                (
                    [0] => 94992
                    [1] => 97190
                    [2] => 508348
                    [3] => 94992
                    [4] => 97190
                )

        )

)

Sector Names: Array
(
    [0] => BAN0004_1
    [1] => BAN0004_2
    [2] => BAN0004_2
    [3] => BAN0004_3
    [4] => BAN0004_3
)

Image Names: Array
(
    [0] => BAN0004_1_icon.jpg
    [1] => BAN0004_2_HD1.jpg
    [2] => BAN0004_2_HD2.jpg
    [3] => BAN0004_3_icon.jpg
    [4] => BAN0004_3_HD1.jpg
)

Image Links By Sector: Array
(
    [BAN0004_1] => Array
        (
            [0] => https://drive.google.com/uc?id=1D0B__hGV1gPnIfI-bL-cCJcHDWUVxRt_
        )

    [BAN0004_2] => Array
        (
            [0] => https://drive.google.com/uc?id=1r2m4U1L3X3m9nWdlkNTDRQU6vvBXABL8
            [1] => https://drive.google.com/uc?id=19bZVbMMensOWnNxs94SvW7hjS1IIK622
        )

    [BAN0004_3] => Array
        (
            [0] => https://drive.google.com/uc?id=1pH1wvsWiYrvhA8vwYxGiT9WcFza1MCdc
            [1] => https://drive.google.com/uc?id=1b2chouT9smOkm0tCB4gnbWZIxb3E2qo3
        )

)

POST Data:
Array
(
    [sector_name] => BAN0001_1
)

FILES Data:
Array
(
    [image] => Array
        (
            [name] => 1.jpg
            [full_path] => 1.jpg
            [type] => image/jpeg
            [tmp_name] => /tmp/phpNusKaj
            [error] => 0
            [size] => 126934
        )

)

Sector Names: Array
(
)

Image Names: Array
(
)

POST Data:
Array
(
    [sector_name] => BAN0001_2
)

FILES Data:
Array
(
    [image] => Array
        (
            [name] => 2.jpg
            [full_path] => 2.jpg
            [type] => image/jpeg
            [tmp_name] => /tmp/phpWKnjbC
            [error] => 0
            [size] => 187347
        )

)

Sector Names: Array
(
)

Image Names: Array
(
)

POST Data:
Array
(
    [sector_name] => BAN0001_3
)

FILES Data:
Array
(
    [image] => Array
        (
            [name] => 3.jpg
            [full_path] => 3.jpg
            [type] => image/jpeg
            [tmp_name] => /tmp/phpfTWqgV
            [error] => 0
            [size] => 60877
        )

)

Sector Names: Array
(
)

Image Names: Array
(
)

POST Data:
Array
(
    [sector_name] => BAN0001_3
)

FILES Data:
Array
(
    [image] => Array
        (
            [name] => 4.jpg
            [full_path] => 4.jpg
            [type] => image/jpeg
            [tmp_name] => /tmp/phpcRxGre
            [error] => 0
            [size] => 99575
        )

)

Sector Names: Array
(
)

Image Names: Array
(
)

POST Data:
Array
(
    [image_names] => Array
        (
            [0] => BAN001_1_1.jpg
            [1] => BAN001_2_2.jpg
            [2] => BAN001_3_4.jpg
            [3] => BAN001_3_3.jpg
        )

    [sector_names] => Array
        (
            [0] => BAN001_1
            [1] => BAN001_2
            [2] => BAN001_3
            [3] => BAN001_3
        )

    [site_name] => BAN001
    [number_of_sector] => 3
    [sectors_data] => [{},{},{}]
)

FILES Data:
Array
(
    [images] => Array
        (
            [name] => Array
                (
                    [0] => 1.jpg
                    [1] => 2.jpg
                    [2] => 4.jpg
                    [3] => 3.jpg
                )

            [full_path] => Array
                (
                    [0] => 1.jpg
                    [1] => 2.jpg
                    [2] => 4.jpg
                    [3] => 3.jpg
                )

            [type] => Array
                (
                    [0] => image/jpeg
                    [1] => image/jpeg
                    [2] => image/jpeg
                    [3] => image/jpeg
                )

            [tmp_name] => Array
                (
                    [0] => /tmp/phpEkpuUC
                    [1] => /tmp/phpNfHSaG
                    [2] => /tmp/phpJSKurJ
                    [3] => /tmp/phpY9h9HM
                )

            [error] => Array
                (
                    [0] => 0
                    [1] => 0
                    [2] => 0
                    [3] => 0
                )

            [size] => Array
                (
                    [0] => 126934
                    [1] => 187347
                    [2] => 99575
                    [3] => 60877
                )

        )

)

Sector Names: Array
(
    [0] => BAN001_1
    [1] => BAN001_2
    [2] => BAN001_3
    [3] => BAN001_3
)

Image Names: Array
(
    [0] => BAN001_1_1.jpg
    [1] => BAN001_2_2.jpg
    [2] => BAN001_3_4.jpg
    [3] => BAN001_3_3.jpg
)

Image Links By Sector: Array
(
    [BAN001_1] => Array
        (
            [0] => https://drive.google.com/uc?id=1QI4iysZta5RI1rfYcCYQd73J4BdpGWlE
        )

    [BAN001_2] => Array
        (
            [0] => https://drive.google.com/uc?id=1QVO2lncvG1bRVUG7SN-Y551zrXDqNQWB
        )

    [BAN001_3] => Array
        (
            [0] => https://drive.google.com/uc?id=1nxJfkT1fSs_VaS5_tA6rCrHJXXXtJhX0
            [1] => https://drive.google.com/uc?id=1xNmrdR1F4SWp7_6_nWsNGQA6vbsDQuel
        )

)

POST Data:
Array
(
    [image_names] => Array
        (
            [0] => BAN0001_1_4.jpg
            [1] => BAN0001_2_3.jpg
            [2] => BAN0001_3_1.jpg
            [3] => BAN0001_3_2.jpg
        )

    [sector_names] => Array
        (
            [0] => BAN0001_1
            [1] => BAN0001_2
            [2] => BAN0001_3
            [3] => BAN0001_3
        )

    [site_name] => BAN0001
    [number_of_sector] => 3
    [sectors_data] => [{},{},{}]
)

FILES Data:
Array
(
    [images] => Array
        (
            [name] => Array
                (
                    [0] => 4.jpg
                    [1] => 3.jpg
                    [2] => 1.jpg
                    [3] => 2.jpg
                )

            [full_path] => Array
                (
                    [0] => 4.jpg
                    [1] => 3.jpg
                    [2] => 1.jpg
                    [3] => 2.jpg
                )

            [type] => Array
                (
                    [0] => image/jpeg
                    [1] => image/jpeg
                    [2] => image/jpeg
                    [3] => image/jpeg
                )

            [tmp_name] => Array
                (
                    [0] => /tmp/phpaNSpkS
                    [1] => /tmp/phpJUiDMj
                    [2] => /tmp/php16SSeL
                    [3] => /tmp/phpMDX2Gc
                )

            [error] => Array
                (
                    [0] => 0
                    [1] => 0
                    [2] => 0
                    [3] => 0
                )

            [size] => Array
                (
                    [0] => 99575
                    [1] => 60877
                    [2] => 126934
                    [3] => 187347
                )

        )

)

Sector Names: Array
(
    [0] => BAN0001_1
    [1] => BAN0001_2
    [2] => BAN0001_3
    [3] => BAN0001_3
)

Image Names: Array
(
    [0] => BAN0001_1_4.jpg
    [1] => BAN0001_2_3.jpg
    [2] => BAN0001_3_1.jpg
    [3] => BAN0001_3_2.jpg
)

Image Links By Sector: Array
(
    [BAN0001_1] => Array
        (
            [0] => https://drive.google.com/uc?id=1oTQAji84I5JJ2f6MGFNoyOrrD7IhaDuO
        )

    [BAN0001_2] => Array
        (
            [0] => https://drive.google.com/uc?id=1MUCTEiCX68LOrhHsQSOm8JS8d5-ZRmr1
        )

    [BAN0001_3] => Array
        (
            [0] => https://drive.google.com/uc?id=1DjZBu0o7ljQLGPirP5YGt_aZqXjrLlsd
            [1] => https://drive.google.com/uc?id=15PaE4So29BbUJ1DbXDgDNaylUBNTuqLt
        )

)

POST Data:
Array
(
    [image_names] => Array
        (
            [0] => BAN0001_1_1.jpg
            [1] => BAN0001_2_2.jpg
            [2] => BAN0001_3_4.jpg
            [3] => BAN0001_3_3.jpg
        )

    [sector_names] => Array
        (
            [0] => BAN0001_1
            [1] => BAN0001_2
            [2] => BAN0001_3
            [3] => BAN0001_3
        )

    [site_name] => BAN0001
    [number_of_sector] => 3
    [sectors_data] => [{"sector_name":"BAN0001_1"},{"sector_name":"BAN0001_2"},{"sector_name":"BAN0001_3"}]
)

FILES Data:
Array
(
    [images] => Array
        (
            [name] => Array
                (
                    [0] => 1.jpg
                    [1] => 2.jpg
                    [2] => 4.jpg
                    [3] => 3.jpg
                )

            [full_path] => Array
                (
                    [0] => 1.jpg
                    [1] => 2.jpg
                    [2] => 4.jpg
                    [3] => 3.jpg
                )

            [type] => Array
                (
                    [0] => image/jpeg
                    [1] => image/jpeg
                    [2] => image/jpeg
                    [3] => image/jpeg
                )

            [tmp_name] => Array
                (
                    [0] => /tmp/phpBqOKKZ
                    [1] => /tmp/phpWQdwpA
                    [2] => /tmp/phpMyXd4a
                    [3] => /tmp/phpTaN7IL
                )

            [error] => Array
                (
                    [0] => 0
                    [1] => 0
                    [2] => 0
                    [3] => 0
                )

            [size] => Array
                (
                    [0] => 126934
                    [1] => 187347
                    [2] => 99575
                    [3] => 60877
                )

        )

)

Sector Names: Array
(
    [0] => BAN0001_1
    [1] => BAN0001_2
    [2] => BAN0001_3
    [3] => BAN0001_3
)

Image Names: Array
(
    [0] => BAN0001_1_1.jpg
    [1] => BAN0001_2_2.jpg
    [2] => BAN0001_3_4.jpg
    [3] => BAN0001_3_3.jpg
)

Image Links By Sector: Array
(
    [BAN0001_1] => Array
        (
            [0] => https://drive.google.com/uc?id=1sunz3DblZgCixyHpnuUCKVSsN3uXDOvQ
        )

    [BAN0001_2] => Array
        (
            [0] => https://drive.google.com/uc?id=1ponlIWVdFYfFi-y9IGWIK7tc48Iz59O0
        )

    [BAN0001_3] => Array
        (
            [0] => https://drive.google.com/uc?id=1blxn2-WWG2ItWBGUWNYSBjEmeiAPCQEV
            [1] => https://drive.google.com/uc?id=1yoojMAeAJCI7PKG2Q8ZTfEy-J-hKwfwa
        )

)

POST Data:
Array
(
    [image_names] => Array
        (
            [0] => BAN0001_1_1.jpg
            [1] => BAN0001_2_2.jpg
            [2] => BAN0001_3_4.jpg
            [3] => BAN0001_3_3.jpg
        )

    [sector_names] => Array
        (
            [0] => BAN0001_1
            [1] => BAN0001_2
            [2] => BAN0001_3
            [3] => BAN0001_3
        )

    [site_name] => BAN0001
    [number_of_sector] => 3
    [sectors_data] => [{"sector_name":"BAN0001_1","no":"1","pro":"","bat":"","sector":"","azimuth":"","windy_area":"","poles_roof_ground":"","tower_height":"","tower_type":"","tower_size":"1","tube_diameter":"","ant_8ports_height":"","ant_10ports_height":"","ant_12ports_height":"1","aau_mimo_height":"","ant_2ports_1_8_2_1_height":"","ant_2ports_900_height":"","ant_4ports_high_gain_height":"","ant_2ports_1800_height":"","ant_4ports_height":"2","total_ant":"","rru_2g_1800_height":"1","rru_2g_900_height":"","rru_4g_850_height":"","rru_4g_1_8_height":"","rru_4g_2_1_height":"","rru_4g_2_6_height":"1","rru_db_height":"","rru_trb_height":"","total_rru":""},{"sector_name":"BAN0001_2","no":"2","pro":"2","bat":"","sector":"","azimuth":"","windy_area":"","poles_roof_ground":"","tower_height":"","tower_type":"","tower_size":"2","tube_diameter":"","ant_8ports_height":"","ant_10ports_height":"","ant_12ports_height":"","aau_mimo_height":"","ant_2ports_1_8_2_1_height":"","ant_2ports_900_height":"","ant_4ports_high_gain_height":"","ant_2ports_1800_height":"","ant_4ports_height":"","total_ant":"2","rru_2g_1800_height":"","rru_2g_900_height":"","rru_4g_850_height":"","rru_4g_1_8_height":"","rru_4g_2_1_height":"","rru_4g_2_6_height":"","rru_db_height":"3","rru_trb_height":"","total_rru":""},{"sector_name":"BAN0001_3","no":"3","pro":"","bat":"3","sector":"","azimuth":"","windy_area":"","poles_roof_ground":"","tower_height":"","tower_type":"","tower_size":"","tube_diameter":"","ant_8ports_height":"3","ant_10ports_height":"","ant_12ports_height":"","aau_mimo_height":"","ant_2ports_1_8_2_1_height":"","ant_2ports_900_height":"","ant_4ports_high_gain_height":"","ant_2ports_1800_height":"","ant_4ports_height":"","total_ant":"1","rru_2g_1800_height":"","rru_2g_900_height":"","rru_4g_850_height":"","rru_4g_1_8_height":"","rru_4g_2_1_height":"","rru_4g_2_6_height":"","rru_db_height":"2","rru_trb_height":"","total_rru":""}]
)

FILES Data:
Array
(
    [images] => Array
        (
            [name] => Array
                (
                    [0] => 1.jpg
                    [1] => 2.jpg
                    [2] => 4.jpg
                    [3] => 3.jpg
                )

            [full_path] => Array
                (
                    [0] => 1.jpg
                    [1] => 2.jpg
                    [2] => 4.jpg
                    [3] => 3.jpg
                )

            [type] => Array
                (
                    [0] => image/jpeg
                    [1] => image/jpeg
                    [2] => image/jpeg
                    [3] => image/jpeg
                )

            [tmp_name] => Array
                (
                    [0] => /tmp/phpf08kYF
                    [1] => /tmp/phpAk9k3J
                    [2] => /tmp/phpirey8N
                    [3] => /tmp/phpwxHDdS
                )

            [error] => Array
                (
                    [0] => 0
                    [1] => 0
                    [2] => 0
                    [3] => 0
                )

            [size] => Array
                (
                    [0] => 126934
                    [1] => 187347
                    [2] => 99575
                    [3] => 60877
                )

        )

)

Sector Names: Array
(
    [0] => BAN0001_1
    [1] => BAN0001_2
    [2] => BAN0001_3
    [3] => BAN0001_3
)

Image Names: Array
(
    [0] => BAN0001_1_1.jpg
    [1] => BAN0001_2_2.jpg
    [2] => BAN0001_3_4.jpg
    [3] => BAN0001_3_3.jpg
)

Image Links By Sector: Array
(
    [BAN0001_1] => Array
        (
            [0] => https://drive.google.com/uc?id=16fxY-btNNtXm6UNT8kVQtQydHyDtlvFJ
        )

    [BAN0001_2] => Array
        (
            [0] => https://drive.google.com/uc?id=1TKh8E42tRl0VfQnkq1-GQULm5DNPcySX
        )

    [BAN0001_3] => Array
        (
            [0] => https://drive.google.com/uc?id=1AKUQXB6wmn8Pl_xo7vq-kTkL4viXWc5a
            [1] => https://drive.google.com/uc?id=14BOgdbS8skgCdEYTS996A9ZFApoGDacB
        )

)

POST Data:
Array
(
    [image_names] => Array
        (
            [0] => BAN0002_1_1.jpg
            [1] => BAN0002_2_2.jpg
            [2] => BAN0002_3_4.jpg
            [3] => BAN0002_3_3.jpg
        )

    [sector_names] => Array
        (
            [0] => BAN0002_1
            [1] => BAN0002_2
            [2] => BAN0002_3
            [3] => BAN0002_3
        )

    [site_name] => BAN0002
    [number_of_sector] => 3
    [sectors_data] => [{"sector_name":"BAN0002_1","no":"1","pro":"BAN","bat":"BAN0002","sector":"BAN0002_1","azimuth":"30","windy_area":"1","poles_roof_ground":"1","tower_height":"","tower_type":"","tower_size":"","tube_diameter":"3","ant_8ports_height":"","ant_10ports_height":"","ant_12ports_height":"","aau_mimo_height":"","ant_2ports_1_8_2_1_height":"","ant_2ports_900_height":"","ant_4ports_high_gain_height":"1","ant_2ports_1800_height":"","ant_4ports_height":"","total_ant":"","rru_2g_1800_height":"","rru_2g_900_height":"1","rru_4g_850_height":"","rru_4g_1_8_height":"","rru_4g_2_1_height":"","rru_4g_2_6_height":"","rru_db_height":"3","rru_trb_height":"","total_rru":"","viba_d_0_6_height":"","viba_d_0_9_height":"1","viba_d_1_2_height":"","viba_d_1_8_height":""},{"sector_name":"BAN0002_2","no":"2","pro":"BAN","bat":"BAN0002","sector":"BAN0002_2","azimuth":"180","windy_area":"2","poles_roof_ground":"","tower_height":"3","tower_type":"","tower_size":"","tube_diameter":"","ant_8ports_height":"","ant_10ports_height":"","ant_12ports_height":"","aau_mimo_height":"","ant_2ports_1_8_2_1_height":"13","ant_2ports_900_height":"","ant_4ports_high_gain_height":"","ant_2ports_1800_height":"","ant_4ports_height":"","total_ant":"","rru_2g_1800_height":"1","rru_2g_900_height":"","rru_4g_850_height":"","rru_4g_1_8_height":"","rru_4g_2_1_height":"","rru_4g_2_6_height":"","rru_db_height":"1","rru_trb_height":"","total_rru":"","viba_d_0_6_height":"","viba_d_0_9_height":"","viba_d_1_2_height":"1","viba_d_1_8_height":""},{"sector_name":"BAN0002_3","no":"3","pro":"BAN","bat":"BAN0002","sector":"BAN0002_3","azimuth":"270","windy_area":"","poles_roof_ground":"3","tower_height":"","tower_type":"1","tower_size":"","tube_diameter":"","ant_8ports_height":"","ant_10ports_height":"","ant_12ports_height":"","aau_mimo_height":"1","ant_2ports_1_8_2_1_height":"","ant_2ports_900_height":"","ant_4ports_high_gain_height":"","ant_2ports_1800_height":"","ant_4ports_height":"","total_ant":"","rru_2g_1800_height":"1","rru_2g_900_height":"","rru_4g_850_height":"","rru_4g_1_8_height":"","rru_4g_2_1_height":"","rru_4g_2_6_height":"","rru_db_height":"","rru_trb_height":"1","total_rru":"","viba_d_0_6_height":"","viba_d_0_9_height":"","viba_d_1_2_height":"1","viba_d_1_8_height":""}]
)

FILES Data:
Array
(
    [images] => Array
        (
            [name] => Array
                (
                    [0] => 1.jpg
                    [1] => 2.jpg
                    [2] => 4.jpg
                    [3] => 3.jpg
                )

            [full_path] => Array
                (
                    [0] => 1.jpg
                    [1] => 2.jpg
                    [2] => 4.jpg
                    [3] => 3.jpg
                )

            [type] => Array
                (
                    [0] => image/jpeg
                    [1] => image/jpeg
                    [2] => image/jpeg
                    [3] => image/jpeg
                )

            [tmp_name] => Array
                (
                    [0] => /tmp/phprR2CwM
                    [1] => /tmp/phpGH6e6Z
                    [2] => /tmp/phpSQBLFd
                    [3] => /tmp/phpDXOvfr
                )

            [error] => Array
                (
                    [0] => 0
                    [1] => 0
                    [2] => 0
                    [3] => 0
                )

            [size] => Array
                (
                    [0] => 126934
                    [1] => 187347
                    [2] => 99575
                    [3] => 60877
                )

        )

)

Sector Names: Array
(
    [0] => BAN0002_1
    [1] => BAN0002_2
    [2] => BAN0002_3
    [3] => BAN0002_3
)

Image Names: Array
(
    [0] => BAN0002_1_1.jpg
    [1] => BAN0002_2_2.jpg
    [2] => BAN0002_3_4.jpg
    [3] => BAN0002_3_3.jpg
)

Image Links By Sector: Array
(
    [BAN0002_1] => Array
        (
            [0] => https://drive.google.com/uc?id=1n-5-gIWR7BxeZ-vWRw5TFciwzgMi7v3d
        )

    [BAN0002_2] => Array
        (
            [0] => https://drive.google.com/uc?id=1lG-TTgAIBgNVaZ9KOwuDlhnN7PbEcUkc
        )

    [BAN0002_3] => Array
        (
            [0] => https://drive.google.com/uc?id=1b51p3Ny-LMjnFer1dQyb-2WBvbfYj7Yd
            [1] => https://drive.google.com/uc?id=1FeIvS4VPacFf7VHF7bATvh3cuSf-1zTh
        )

)

POST Data:
Array
(
    [image_names] => Array
        (
            [0] => BAN003_1_1.jpg
            [1] => BAN003_2_2.jpg
            [2] => BAN003_3_4.jpg
            [3] => BAN003_3_3.jpg
        )

    [sector_names] => Array
        (
            [0] => BAN003_1
            [1] => BAN003_2
            [2] => BAN003_3
            [3] => BAN003_3
        )

    [site_name] => BAN003
    [number_of_sector] => 3
    [sectors_data] => [{"sector_name":"BAN003_1","no":"1","pro":"BAN","bat":"BAN003","sector":"BAN003_1","azimuth":"30","windy_area":"","poles_roof_ground":"1","tower_height":"","tower_type":"","tower_size":"","tube_diameter":"1","ant_8ports_height":"1","ant_10ports_height":"","ant_12ports_height":"","aau_mimo_height":"1","ant_2ports_1_8_2_1_height":"","ant_2ports_900_height":"","ant_4ports_high_gain_height":"","ant_2ports_1800_height":"1","ant_4ports_height":"","total_ant":"","rru_2g_1800_height":"","rru_2g_900_height":"","rru_4g_850_height":"1","rru_4g_1_8_height":"","rru_4g_2_1_height":"","rru_4g_2_6_height":"","rru_db_height":"","rru_trb_height":"1","total_rru":"","viba_d_0_6_height":"","viba_d_0_9_height":"","viba_d_1_2_height":"","viba_d_1_8_height":""},{"sector_name":"BAN003_2","no":"2","pro":"BAN","bat":"BAN003","sector":"BAN003_2","azimuth":"180","windy_area":"","poles_roof_ground":"1","tower_height":"","tower_type":"1","tower_size":"","tube_diameter":"","ant_8ports_height":"","ant_10ports_height":"1","ant_12ports_height":"","aau_mimo_height":"","ant_2ports_1_8_2_1_height":"","ant_2ports_900_height":"","ant_4ports_high_gain_height":"","ant_2ports_1800_height":"1","ant_4ports_height":"","total_ant":"","rru_2g_1800_height":"","rru_2g_900_height":"","rru_4g_850_height":"","rru_4g_1_8_height":"1","rru_4g_2_1_height":"","rru_4g_2_6_height":"","rru_db_height":"","rru_trb_height":"","total_rru":"","viba_d_0_6_height":"","viba_d_0_9_height":"1","viba_d_1_2_height":"","viba_d_1_8_height":""},{"sector_name":"BAN003_3","no":"3","pro":"BAN","bat":"BAN003","sector":"BAN003_3","azimuth":"270","windy_area":"","poles_roof_ground":"","tower_height":"","tower_type":"","tower_size":"","tube_diameter":"","ant_8ports_height":"","ant_10ports_height":"","ant_12ports_height":"","aau_mimo_height":"1","ant_2ports_1_8_2_1_height":"","ant_2ports_900_height":"","ant_4ports_high_gain_height":"","ant_2ports_1800_height":"","ant_4ports_height":"1","total_ant":"","rru_2g_1800_height":"","rru_2g_900_height":"","rru_4g_850_height":"","rru_4g_1_8_height":"","rru_4g_2_1_height":"","rru_4g_2_6_height":"","rru_db_height":"","rru_trb_height":"","total_rru":"","viba_d_0_6_height":"","viba_d_0_9_height":"1","viba_d_1_2_height":"","viba_d_1_8_height":""}]
)

FILES Data:
Array
(
    [images] => Array
        (
            [name] => Array
                (
                    [0] => 1.jpg
                    [1] => 2.jpg
                    [2] => 4.jpg
                    [3] => 3.jpg
                )

            [full_path] => Array
                (
                    [0] => 1.jpg
                    [1] => 2.jpg
                    [2] => 4.jpg
                    [3] => 3.jpg
                )

            [type] => Array
                (
                    [0] => image/jpeg
                    [1] => image/jpeg
                    [2] => image/jpeg
                    [3] => image/jpeg
                )

            [tmp_name] => Array
                (
                    [0] => /tmp/phpTTTKFp
                    [1] => /tmp/phpF4mERb
                    [2] => /tmp/phpbqNY3X
                    [3] => /tmp/php4GqsgK
                )

            [error] => Array
                (
                    [0] => 0
                    [1] => 0
                    [2] => 0
                    [3] => 0
                )

            [size] => Array
                (
                    [0] => 126934
                    [1] => 187347
                    [2] => 99575
                    [3] => 60877
                )

        )

)

Sector Names: Array
(
    [0] => BAN003_1
    [1] => BAN003_2
    [2] => BAN003_3
    [3] => BAN003_3
)

Image Names: Array
(
    [0] => BAN003_1_1.jpg
    [1] => BAN003_2_2.jpg
    [2] => BAN003_3_4.jpg
    [3] => BAN003_3_3.jpg
)

Image Links By Sector: Array
(
    [BAN003_1] => Array
        (
            [0] => https://drive.google.com/uc?id=12GZZROrxg5vwdjzm5kDIAYa6x-1azikN
        )

    [BAN003_2] => Array
        (
            [0] => https://drive.google.com/uc?id=1Ru8AGk_h5tAjmIZ_XREh0b1mHsbFLqT0
        )

    [BAN003_3] => Array
        (
            [0] => https://drive.google.com/uc?id=1i2ePgbS24tOKGJWpZMnOOUcnpwhntJMT
            [1] => https://drive.google.com/uc?id=1GSZ6yYOifRMknXo0jjtQd_ePOhnoqG_v
        )

)

POST Data:
Array
(
    [image_names] => Array
        (
            [0] => BAN006_1_1.jpg
            [1] => BAN006_2_2.jpg
            [2] => BAN006_3_3.jpg
        )

    [sector_names] => Array
        (
            [0] => BAN006_1
            [1] => BAN006_2
            [2] => BAN006_3
        )

    [site_name] => BAN006
    [number_of_sector] => 3
    [sectors_data] => [{"sector_name":"BAN006_1","no":"1","pro":"BAN","bat":"BAN006","sector":"BAN006_1","azimuth":"30","windy_area":"","poles_roof_ground":"1","tower_height":"","tower_type":"","tower_size":"","tube_diameter":"","ant_8ports_height":"","ant_10ports_height":"","ant_12ports_height":"1","aau_mimo_height":"","ant_2ports_1_8_2_1_height":"","ant_2ports_900_height":"","ant_4ports_high_gain_height":"","ant_2ports_1800_height":"","ant_4ports_height":"1","total_ant":"","rru_2g_1800_height":"","rru_2g_900_height":"","rru_4g_850_height":"","rru_4g_1_8_height":"","rru_4g_2_1_height":"1","rru_4g_2_6_height":"","rru_db_height":"","rru_trb_height":"","total_rru":"","viba_d_0_6_height":"","viba_d_0_9_height":"1","viba_d_1_2_height":"","viba_d_1_8_height":""},{"sector_name":"BAN006_2","no":"2","pro":"BAN","bat":"BAN006","sector":"BAN006_2","azimuth":"180","windy_area":"","poles_roof_ground":"","tower_height":"2","tower_type":"","tower_size":"","tube_diameter":"","ant_8ports_height":"","ant_10ports_height":"1","ant_12ports_height":"","aau_mimo_height":"","ant_2ports_1_8_2_1_height":"1","ant_2ports_900_height":"","ant_4ports_high_gain_height":"","ant_2ports_1800_height":"","ant_4ports_height":"","total_ant":"1","rru_2g_1800_height":"","rru_2g_900_height":"","rru_4g_850_height":"","rru_4g_1_8_height":"","rru_4g_2_1_height":"","rru_4g_2_6_height":"1","rru_db_height":"","rru_trb_height":"","total_rru":"","viba_d_0_6_height":"","viba_d_0_9_height":"","viba_d_1_2_height":"1","viba_d_1_8_height":""},{"sector_name":"BAN006_3","no":"3","pro":"BAN","bat":"BAN006","sector":"BAN006_3","azimuth":"270","windy_area":"","poles_roof_ground":"","tower_height":"","tower_type":"","tower_size":"1","tube_diameter":"","ant_8ports_height":"","ant_10ports_height":"","ant_12ports_height":"","aau_mimo_height":"","ant_2ports_1_8_2_1_height":"","ant_2ports_900_height":"1","ant_4ports_high_gain_height":"","ant_2ports_1800_height":"","ant_4ports_height":"","total_ant":"","rru_2g_1800_height":"","rru_2g_900_height":"1","rru_4g_850_height":"","rru_4g_1_8_height":"","rru_4g_2_1_height":"","rru_4g_2_6_height":"1","rru_db_height":"","rru_trb_height":"","total_rru":"","viba_d_0_6_height":"","viba_d_0_9_height":"","viba_d_1_2_height":"1","viba_d_1_8_height":""}]
)

FILES Data:
Array
(
    [images] => Array
        (
            [name] => Array
                (
                    [0] => 1.jpg
                    [1] => 2.jpg
                    [2] => 3.jpg
                )

            [full_path] => Array
                (
                    [0] => 1.jpg
                    [1] => 2.jpg
                    [2] => 3.jpg
                )

            [type] => Array
                (
                    [0] => image/jpeg
                    [1] => image/jpeg
                    [2] => image/jpeg
                )

            [tmp_name] => Array
                (
                    [0] => /tmp/phpHh32AJ
                    [1] => /tmp/phpQq7hA5
                    [2] => /tmp/phpn2ECzr
                )

            [error] => Array
                (
                    [0] => 0
                    [1] => 0
                    [2] => 0
                )

            [size] => Array
                (
                    [0] => 126934
                    [1] => 187347
                    [2] => 60877
                )

        )

)

Sector Names: Array
(
    [0] => BAN006_1
    [1] => BAN006_2
    [2] => BAN006_3
)

Image Names: Array
(
    [0] => BAN006_1_1.jpg
    [1] => BAN006_2_2.jpg
    [2] => BAN006_3_3.jpg
)

Image Links By Sector: Array
(
    [BAN006_1] => Array
        (
            [0] => https://drive.google.com/uc?id=1j10VSuap_K_fY6aHqH7U6PHzijA2MDRl
        )

    [BAN006_2] => Array
        (
            [0] => https://drive.google.com/uc?id=1lxCWSD1yyKlQ-aYFUE_yiaxuqVqMEBU8
        )

    [BAN006_3] => Array
        (
            [0] => https://drive.google.com/uc?id=1-OUX6FEJRTP9D-NgGY2ZBdVktnrtriwv
        )

)

POST Data:
Array
(
    [image_names] => Array
        (
            [0] => BAN007_1_1.jpg
            [1] => BAN007_2_2.jpg
            [2] => BAN007_3_4.jpg
        )

    [sector_names] => Array
        (
            [0] => BAN007_1
            [1] => BAN007_2
            [2] => BAN007_3
        )

    [site_name] => BAN007
    [number_of_sector] => 3
    [sectors_data] => [{"sector_name":"BAN007_1","no":"1","pro":"BAN","bat":"BAN007","sector":"BAN007_1","azimuth":"30","windy_area":"1","poles_roof_ground":"2","tower_height":"","tower_type":"","tower_size":"","tube_diameter":"","ant_8ports_height":"","ant_10ports_height":"1","ant_12ports_height":"","aau_mimo_height":"1","ant_2ports_1_8_2_1_height":"","ant_2ports_900_height":"","ant_4ports_high_gain_height":"","ant_2ports_1800_height":"","ant_4ports_height":"1","total_ant":"","rru_2g_1800_height":"","rru_2g_900_height":"1","rru_4g_850_height":"","rru_4g_1_8_height":"","rru_4g_2_1_height":"","rru_4g_2_6_height":"","rru_db_height":"1","rru_trb_height":"","total_rru":"","viba_d_0_6_height":"","viba_d_0_9_height":"","viba_d_1_2_height":"1","viba_d_1_8_height":""},{"sector_name":"BAN007_2","no":"2","pro":"BAN","bat":"BAN007","sector":"BAN007_2","azimuth":"60","windy_area":"","poles_roof_ground":"","tower_height":"","tower_type":"","tower_size":"","tube_diameter":"3","ant_8ports_height":"","ant_10ports_height":"","ant_12ports_height":"","aau_mimo_height":"2","ant_2ports_1_8_2_1_height":"","ant_2ports_900_height":"","ant_4ports_high_gain_height":"","ant_2ports_1800_height":"","ant_4ports_height":"","total_ant":"1","rru_2g_1800_height":"","rru_2g_900_height":"","rru_4g_850_height":"1","rru_4g_1_8_height":"","rru_4g_2_1_height":"","rru_4g_2_6_height":"","rru_db_height":"","rru_trb_height":"2","total_rru":"","viba_d_0_6_height":"","viba_d_0_9_height":"","viba_d_1_2_height":"2","viba_d_1_8_height":""},{"sector_name":"BAN007_3","no":"3","pro":"BAN","bat":"BAN007","sector":"BAN007_3","azimuth":"220","windy_area":"","poles_roof_ground":"2","tower_height":"","tower_type":"","tower_size":"","tube_diameter":"","ant_8ports_height":"","ant_10ports_height":"","ant_12ports_height":"","aau_mimo_height":"1","ant_2ports_1_8_2_1_height":"","ant_2ports_900_height":"","ant_4ports_high_gain_height":"","ant_2ports_1800_height":"","ant_4ports_height":"","total_ant":"","rru_2g_1800_height":"","rru_2g_900_height":"","rru_4g_850_height":"","rru_4g_1_8_height":"2","rru_4g_2_1_height":"","rru_4g_2_6_height":"","rru_db_height":"","rru_trb_height":"","total_rru":"","viba_d_0_6_height":"","viba_d_0_9_height":"","viba_d_1_2_height":"2","viba_d_1_8_height":""}]
)

FILES Data:
Array
(
    [images] => Array
        (
            [name] => Array
                (
                    [0] => 1.jpg
                    [1] => 2.jpg
                    [2] => 4.jpg
                )

            [full_path] => Array
                (
                    [0] => 1.jpg
                    [1] => 2.jpg
                    [2] => 4.jpg
                )

            [type] => Array
                (
                    [0] => image/jpeg
                    [1] => image/jpeg
                    [2] => image/jpeg
                )

            [tmp_name] => Array
                (
                    [0] => /tmp/phpThDfvK
                    [1] => /tmp/phpAMQoQX
                    [2] => /tmp/phpr7OKbb
                )

            [error] => Array
                (
                    [0] => 0
                    [1] => 0
                    [2] => 0
                )

            [size] => Array
                (
                    [0] => 126934
                    [1] => 187347
                    [2] => 99575
                )

        )

)

Sector Names: Array
(
    [0] => BAN007_1
    [1] => BAN007_2
    [2] => BAN007_3
)

Image Names: Array
(
    [0] => BAN007_1_1.jpg
    [1] => BAN007_2_2.jpg
    [2] => BAN007_3_4.jpg
)

Image Links By Sector: Array
(
    [BAN007_1] => Array
        (
            [0] => https://drive.google.com/uc?id=1rSHDxs-KruxyNSmaZNWCD2tgf5SbFf0-
        )

    [BAN007_2] => Array
        (
            [0] => https://drive.google.com/uc?id=1wu03jJKFKQJmqTvBwHk84fgSnMGNYVnz
        )

    [BAN007_3] => Array
        (
            [0] => https://drive.google.com/uc?id=1sXvTwKmMbu28A44gXmGuzI9U7VItzQ1-
        )

)

